TN:
SF:src/components/MetadataEditor.tsx
FN:21,MetadataEditor
FN:38,handleReviewSelect
FN:60,handleTitleSubmit
FN:67,handleAuthorSubmit
FN:74,handleCoverSubmit
FNF:5
FNH:4
FNDA:12,MetadataEditor
FNDA:5,handleReviewSelect
FNDA:1,handleTitleSubmit
FNDA:0,handleAuthorSubmit
FNDA:1,handleCoverSubmit
DA:1,1
DA:2,1
DA:3,1
DA:4,1
DA:5,1
DA:6,1
DA:7,1
DA:8,1
DA:9,1
DA:10,1
DA:11,1
DA:12,1
DA:13,1
DA:14,1
DA:15,1
DA:16,1
DA:17,1
DA:18,1
DA:19,1
DA:20,1
DA:21,1
DA:22,12
DA:23,12
DA:24,12
DA:25,12
DA:26,12
DA:27,12
DA:28,12
DA:29,2
DA:30,2
DA:31,1
DA:32,1
DA:33,1
DA:34,1
DA:35,2
DA:36,12
DA:37,12
DA:38,12
DA:39,5
DA:40,5
DA:41,2
DA:42,2
DA:43,2
DA:44,2
DA:45,2
DA:46,2
DA:47,2
DA:48,5
DA:49,1
DA:50,1
DA:51,5
DA:52,1
DA:53,1
DA:54,5
DA:55,1
DA:56,1
DA:57,5
DA:58,5
DA:59,12
DA:60,12
DA:61,1
DA:62,1
DA:63,1
DA:64,1
DA:65,1
DA:66,12
DA:67,12
DA:68,0
DA:69,0
DA:70,0
DA:71,0
DA:72,0
DA:73,12
DA:74,12
DA:75,1
DA:76,1
DA:77,1
DA:78,1
DA:79,1
DA:80,1
DA:81,12
DA:82,12
DA:83,12
DA:84,12
DA:85,12
DA:86,12
DA:87,12
DA:88,12
DA:89,12
DA:90,12
DA:91,12
DA:92,12
DA:93,12
DA:94,12
DA:95,12
DA:96,12
DA:97,12
DA:98,12
DA:99,12
DA:100,12
DA:101,12
DA:102,12
DA:103,12
DA:104,12
DA:105,12
DA:106,12
DA:107,12
DA:108,12
DA:109,12
DA:110,12
DA:111,12
DA:112,12
DA:113,12
DA:114,12
DA:115,6
DA:116,6
DA:117,6
DA:118,6
DA:119,6
DA:120,6
DA:121,6
DA:122,6
DA:123,6
DA:124,6
DA:125,6
DA:126,6
DA:127,6
DA:128,6
DA:129,6
DA:130,12
DA:131,12
DA:132,12
DA:133,12
DA:134,2
DA:135,2
DA:136,2
DA:137,2
DA:138,2
DA:139,2
DA:140,2
DA:141,2
DA:142,2
DA:143,2
DA:144,2
DA:145,2
DA:146,2
DA:147,2
DA:148,2
DA:149,12
DA:150,12
DA:151,12
DA:152,12
DA:153,1
DA:154,1
DA:155,1
DA:156,1
DA:157,1
DA:158,1
DA:159,1
DA:160,1
DA:161,1
DA:162,1
DA:163,1
DA:164,1
DA:165,1
DA:166,1
DA:167,1
DA:168,12
DA:169,12
DA:170,12
DA:171,12
DA:172,3
DA:173,3
DA:174,3
DA:175,3
DA:176,3
DA:177,3
DA:178,3
DA:179,3
DA:180,3
DA:181,3
DA:182,3
DA:183,3
DA:184,3
DA:185,3
DA:186,3
DA:187,3
DA:188,12
DA:189,12
DA:190,12
DA:191,12
DA:192,12
DA:193,12
DA:194,12
DA:195,12
LF:195
LH:190
BRDA:21,0,0,12
BRDA:100,1,0,2
BRDA:100,2,0,10
BRDA:103,3,0,1
BRDA:103,4,0,11
BRDA:106,5,0,3
BRDA:106,6,0,9
BRDA:106,7,0,8
BRDA:106,8,0,1
BRDA:106,9,0,8
BRDA:107,10,0,3
BRDA:107,11,0,9
BRDA:107,12,0,0
BRDA:114,13,0,6
BRDA:133,14,0,2
BRDA:152,15,0,1
BRDA:171,16,0,3
BRDA:28,17,0,2
BRDA:30,18,0,1
BRDA:38,19,0,5
BRDA:40,20,0,2
BRDA:44,21,0,1
BRDA:45,22,0,1
BRDA:48,23,0,1
BRDA:51,24,0,1
BRDA:54,25,0,1
BRDA:60,26,0,1
BRDA:74,27,0,1
BRF:28
BRH:27
end_of_record
TN:
SF:src/components/ResumeDialog.tsx
FN:16,ResumeDialog
FN:19,handleSelect
FNF:2
FNH:2
FNDA:3,ResumeDialog
FNDA:2,handleSelect
DA:1,1
DA:2,1
DA:3,1
DA:4,1
DA:5,1
DA:6,1
DA:7,1
DA:8,1
DA:9,1
DA:10,1
DA:11,1
DA:12,1
DA:13,1
DA:14,1
DA:15,1
DA:16,1
DA:17,3
DA:18,3
DA:19,3
DA:20,2
DA:21,1
DA:22,1
DA:23,1
DA:24,1
DA:25,2
DA:26,3
DA:27,3
DA:28,3
DA:29,3
DA:30,3
DA:31,3
DA:32,3
DA:33,3
DA:34,3
DA:35,3
DA:36,3
DA:37,3
DA:38,3
DA:39,3
DA:40,3
DA:41,3
DA:42,3
DA:43,3
DA:44,3
DA:45,3
DA:46,3
DA:47,3
DA:48,3
DA:49,3
DA:50,2
DA:51,1
DA:52,3
DA:53,3
DA:54,3
DA:55,3
DA:56,3
DA:57,3
DA:58,3
DA:59,3
DA:60,3
DA:61,3
DA:62,3
DA:63,3
DA:64,3
DA:65,3
DA:66,3
DA:67,3
DA:68,3
DA:69,3
DA:70,3
DA:71,3
LF:71
LH:71
BRDA:16,0,0,3
BRDA:49,1,0,2
BRDA:50,2,0,1
BRDA:19,3,0,2
BRDA:20,4,0,1
BRF:5
BRH:5
end_of_record
TN:
SF:src/components/SetupRequired.tsx
FN:10,SetupRequired
FNF:1
FNH:1
FNDA:2,SetupRequired
DA:1,1
DA:2,1
DA:3,1
DA:4,1
DA:5,1
DA:6,1
DA:7,1
DA:8,1
DA:9,1
DA:10,1
DA:11,2
DA:12,2
DA:13,2
DA:14,2
DA:15,2
DA:16,2
DA:17,2
DA:18,2
DA:19,2
DA:20,2
DA:21,2
DA:22,2
DA:23,2
DA:24,2
DA:25,2
DA:26,2
DA:27,2
DA:28,2
DA:29,2
DA:30,2
DA:31,2
DA:32,2
DA:33,2
DA:34,2
DA:35,2
DA:36,2
DA:37,2
DA:38,2
DA:39,2
DA:40,2
DA:41,2
DA:42,2
DA:43,2
DA:44,2
DA:45,2
DA:46,2
DA:47,2
DA:48,1
DA:49,1
DA:50,1
DA:51,1
DA:52,1
DA:53,1
DA:54,1
DA:55,1
DA:56,1
DA:57,1
DA:58,1
DA:59,1
DA:60,1
DA:61,2
DA:62,2
DA:63,1
DA:64,1
DA:65,1
DA:66,1
DA:67,1
DA:68,1
DA:69,1
DA:70,1
DA:71,1
DA:72,1
DA:73,1
DA:74,1
DA:75,1
DA:76,2
DA:77,2
DA:78,2
DA:79,2
DA:80,2
DA:81,2
DA:82,2
DA:83,2
DA:84,2
DA:85,2
DA:86,2
DA:87,2
DA:88,2
DA:89,2
DA:90,2
DA:91,2
DA:92,2
DA:93,2
DA:94,2
DA:95,2
DA:96,2
DA:97,2
DA:98,2
DA:99,2
DA:100,2
DA:101,2
DA:102,2
DA:103,2
DA:104,2
DA:105,2
DA:106,2
DA:107,2
DA:108,2
DA:109,2
DA:110,2
DA:111,2
DA:112,2
DA:113,2
DA:114,2
DA:115,2
DA:116,2
DA:117,2
DA:118,2
DA:119,2
DA:120,2
DA:121,1
DA:122,1
DA:123,1
DA:124,1
DA:125,1
DA:126,2
DA:127,2
DA:128,2
DA:129,2
DA:130,2
DA:131,2
DA:132,2
DA:133,2
DA:134,2
DA:135,2
DA:136,2
DA:137,2
DA:138,2
DA:139,2
DA:140,2
DA:141,2
DA:142,2
LF:142
LH:142
BRDA:10,0,0,2
BRDA:11,1,0,2
BRDA:12,2,0,1
BRDA:17,3,0,2
BRDA:18,4,0,2
BRDA:47,5,0,1
BRDA:62,6,0,1
BRDA:120,7,0,1
BRF:8
BRH:8
end_of_record
TN:
SF:src/utils/checkpoint.ts
FN:15,checkCheckpoint
FN:94,deleteCheckpoint
FNF:2
FNH:2
FNDA:5,checkCheckpoint
FNDA:2,deleteCheckpoint
DA:1,1
DA:2,1
DA:3,1
DA:4,1
DA:5,1
DA:6,1
DA:7,1
DA:8,1
DA:9,1
DA:10,1
DA:11,1
DA:12,1
DA:13,1
DA:14,1
DA:15,1
DA:16,5
DA:17,5
DA:18,5
DA:19,5
DA:20,5
DA:21,5
DA:22,5
DA:23,5
DA:24,5
DA:25,5
DA:26,5
DA:27,5
DA:28,5
DA:29,5
DA:30,5
DA:31,5
DA:32,5
DA:33,5
DA:34,5
DA:35,5
DA:36,5
DA:37,5
DA:38,5
DA:39,5
DA:40,5
DA:41,3
DA:42,5
DA:43,5
DA:44,5
DA:45,1
DA:46,5
DA:47,5
DA:48,5
DA:49,1
DA:50,5
DA:51,5
DA:52,5
DA:53,4
DA:54,3
DA:55,3
DA:56,3
DA:57,3
DA:58,1
DA:59,1
DA:60,1
DA:61,3
DA:62,1
DA:63,1
DA:64,1
DA:65,1
DA:66,1
DA:67,1
DA:68,1
DA:69,1
DA:70,1
DA:71,1
DA:72,1
DA:73,1
DA:74,1
DA:75,1
DA:76,1
DA:77,1
DA:78,1
DA:79,1
DA:80,1
DA:81,3
DA:82,0
DA:83,0
DA:84,4
DA:85,1
DA:86,1
DA:87,5
DA:88,5
DA:89,5
DA:90,1
DA:91,1
DA:92,1
DA:93,1
DA:94,1
DA:95,2
DA:96,2
DA:97,2
DA:98,2
DA:99,1
DA:100,1
DA:101,2
DA:102,2
DA:103,2
DA:104,2
LF:104
LH:102
BRDA:15,0,0,5
BRDA:19,1,0,5
BRDA:40,2,0,3
BRDA:44,3,0,1
BRDA:48,4,0,1
BRDA:52,5,0,4
BRDA:53,6,0,3
BRDA:57,7,0,1
BRDA:60,8,0,2
BRDA:61,9,0,1
BRDA:81,10,0,0
BRDA:84,11,0,1
BRDA:94,12,0,2
BRDA:95,13,0,2
BRDA:97,14,0,2
BRDA:98,15,0,1
BRF:16
BRH:15
end_of_record
TN:
SF:src/utils/format.ts
FN:1,formatBytes
FN:9,formatDuration
FNF:2
FNH:2
FNDA:17,formatBytes
FNDA:15,formatDuration
DA:1,1
DA:2,17
DA:3,16
DA:4,16
DA:5,16
DA:6,16
DA:7,16
DA:8,1
DA:9,1
DA:10,15
DA:11,15
DA:12,15
DA:13,15
DA:14,15
DA:15,5
DA:16,5
DA:17,15
DA:18,5
DA:19,5
DA:20,5
DA:21,5
LF:21
LH:21
BRDA:1,0,0,17
BRDA:2,1,0,1
BRDA:2,2,0,16
BRDA:9,3,0,15
BRDA:14,4,0,5
BRDA:16,5,0,10
BRDA:17,6,0,5
BRF:7
BRH:7
end_of_record
TN:
SF:src/utils/metadata.ts
FN:13,extractMetadata
FNF:1
FNH:1
FNDA:4,extractMetadata
DA:1,1
DA:2,1
DA:3,1
DA:4,1
DA:5,1
DA:6,1
DA:7,1
DA:8,1
DA:9,1
DA:10,1
DA:11,1
DA:12,1
DA:13,1
DA:14,4
DA:15,4
DA:16,4
DA:17,4
DA:18,4
DA:19,4
DA:20,4
DA:21,4
DA:22,4
DA:23,4
DA:24,4
DA:25,4
DA:26,4
DA:27,4
DA:28,4
DA:29,4
DA:30,4
DA:31,4
DA:32,4
DA:33,4
DA:34,4
DA:35,4
DA:36,4
DA:37,4
DA:38,4
DA:39,4
DA:40,1
DA:41,4
DA:42,4
DA:43,4
DA:44,1
DA:45,4
DA:46,4
DA:47,4
DA:48,3
DA:49,2
DA:50,2
DA:51,2
DA:52,2
DA:53,2
DA:54,2
DA:55,2
DA:56,2
DA:57,2
DA:58,6
DA:59,1
DA:60,6
DA:61,1
DA:62,5
DA:63,1
DA:64,1
DA:65,6
DA:66,2
DA:67,2
DA:68,3
DA:69,1
DA:70,1
DA:71,4
DA:72,4
DA:73,4
LF:73
LH:73
BRDA:13,0,0,4
BRDA:14,1,0,4
BRDA:35,2,0,4
BRDA:39,3,0,1
BRDA:43,4,0,1
BRDA:47,5,0,3
BRDA:48,6,0,2
BRDA:57,7,0,6
BRDA:58,8,0,1
BRDA:60,9,0,5
BRDA:60,10,0,1
BRDA:62,11,0,4
BRDA:62,12,0,1
BRDA:68,13,0,1
BRF:14
BRH:14
end_of_record
TN:
SF:src/utils/open-folder.ts
FN:3,getOpenFolderCommand
FN:16,openFolder
FNF:2
FNH:2
FNDA:5,getOpenFolderCommand
FNDA:1,openFolder
DA:1,1
DA:2,1
DA:3,1
DA:4,5
DA:5,5
DA:6,5
DA:7,5
DA:8,3
DA:9,3
DA:10,5
DA:11,1
DA:12,1
DA:13,1
DA:14,1
DA:15,1
DA:16,1
DA:17,1
DA:18,1
DA:19,1
DA:20,1
DA:21,1
DA:22,1
DA:23,1
DA:24,1
LF:24
LH:24
BRDA:3,0,0,5
BRDA:7,1,0,3
BRDA:9,2,0,2
BRDA:10,3,0,1
BRDA:16,4,0,1
BRF:5
BRH:5
end_of_record
TN:
SF:src/utils/preflight.ts
FN:25,checkFFmpeg
FN:46,checkPythonVenv
FN:101,checkPythonDeps
FN:148,checkAppScript
FN:172,checkMLXDeps
FN:218,runPreflightChecks
FN:237,quickCheck
FNF:7
FNH:7
FNDA:3,checkFFmpeg
FNDA:3,checkPythonVenv
FNDA:3,checkPythonDeps
FNDA:3,checkAppScript
FNDA:2,checkMLXDeps
FNDA:3,runPreflightChecks
FNDA:5,quickCheck
DA:1,1
DA:2,1
DA:3,1
DA:4,1
DA:5,1
DA:6,1
DA:7,1
DA:8,1
DA:9,1
DA:10,1
DA:11,1
DA:12,1
DA:13,1
DA:14,1
DA:15,1
DA:16,1
DA:17,1
DA:18,1
DA:19,1
DA:20,1
DA:21,1
DA:22,1
DA:23,1
DA:24,1
DA:25,3
DA:26,3
DA:27,3
DA:28,3
DA:29,3
DA:30,3
DA:31,3
DA:32,3
DA:33,3
DA:34,1
DA:35,1
DA:36,1
DA:37,1
DA:38,1
DA:39,1
DA:40,1
DA:41,3
DA:42,1
DA:43,1
DA:44,1
DA:45,1
DA:46,3
DA:47,3
DA:48,3
DA:49,3
DA:50,3
DA:51,0
DA:52,0
DA:53,0
DA:54,0
DA:55,0
DA:56,0
DA:57,0
DA:58,3
DA:59,3
DA:60,3
DA:61,3
DA:62,3
DA:63,0
DA:64,0
DA:65,0
DA:66,0
DA:67,0
DA:68,0
DA:69,0
DA:70,3
DA:71,3
DA:72,3
DA:73,3
DA:74,3
DA:75,1
DA:76,1
DA:77,1
DA:78,1
DA:79,1
DA:80,1
DA:81,1
DA:82,2
DA:83,2
DA:84,2
DA:85,2
DA:86,2
DA:87,2
DA:88,3
DA:89,0
DA:90,0
DA:91,0
DA:92,0
DA:93,0
DA:94,0
DA:95,0
DA:96,3
DA:97,1
DA:98,1
DA:99,1
DA:100,1
DA:101,3
DA:102,3
DA:103,3
DA:104,3
DA:105,3
DA:106,0
DA:107,0
DA:108,0
DA:109,0
DA:110,0
DA:111,0
DA:112,0
DA:113,3
DA:114,3
DA:115,3
DA:116,3
DA:117,3
DA:118,3
DA:119,3
DA:120,3
DA:121,3
DA:122,1
DA:123,1
DA:124,1
DA:125,1
DA:126,1
DA:127,1
DA:128,1
DA:129,2
DA:130,2
DA:131,2
DA:132,2
DA:133,2
DA:134,2
DA:135,3
DA:136,0
DA:137,0
DA:138,0
DA:139,0
DA:140,0
DA:141,0
DA:142,0
DA:143,3
DA:144,1
DA:145,1
DA:146,1
DA:147,1
DA:148,3
DA:149,3
DA:150,3
DA:151,3
DA:152,3
DA:153,0
DA:154,0
DA:155,0
DA:156,0
DA:157,0
DA:158,0
DA:159,0
DA:160,3
DA:161,3
DA:162,3
DA:163,3
DA:164,3
DA:165,3
DA:166,3
DA:167,1
DA:168,1
DA:169,1
DA:170,1
DA:171,1
DA:172,1
DA:173,2
DA:174,2
DA:175,2
DA:176,2
DA:177,1
DA:178,1
DA:179,1
DA:180,1
DA:181,1
DA:182,1
DA:183,1
DA:184,1
DA:185,1
DA:186,1
DA:187,1
DA:188,1
DA:189,1
DA:190,1
DA:191,1
DA:192,1
DA:193,1
DA:194,1
DA:195,1
DA:196,1
DA:197,1
DA:198,1
DA:199,0
DA:200,0
DA:201,0
DA:202,0
DA:203,0
DA:204,0
DA:205,0
DA:206,0
DA:207,0
DA:208,0
DA:209,0
DA:210,0
DA:211,0
DA:212,0
DA:213,2
DA:214,1
DA:215,1
DA:216,1
DA:217,1
DA:218,1
DA:219,3
DA:220,3
DA:221,3
DA:222,3
DA:223,3
DA:224,3
DA:225,3
DA:226,3
DA:227,3
DA:228,3
DA:229,3
DA:230,3
DA:231,3
DA:232,1
DA:233,1
DA:234,1
DA:235,1
DA:236,1
DA:237,1
DA:238,5
DA:239,5
DA:240,5
DA:241,5
DA:242,5
DA:243,5
DA:244,5
DA:245,5
DA:246,1
DA:247,1
DA:248,4
DA:249,4
DA:250,5
DA:251,1
DA:252,1
DA:253,3
DA:254,3
DA:255,5
DA:256,1
DA:257,1
DA:258,2
DA:259,2
DA:260,2
DA:261,5
DA:262,1
DA:263,1
DA:264,1
DA:265,1
DA:266,1
LF:266
LH:210
BRDA:25,0,0,3
BRDA:33,1,0,1
BRDA:46,2,0,3
BRDA:50,3,0,0
BRDA:62,4,0,0
BRDA:74,5,0,2
BRDA:74,6,0,1
BRDA:81,7,0,2
BRDA:88,8,0,0
BRDA:101,9,0,3
BRDA:105,10,0,0
BRDA:121,11,0,1
BRDA:128,12,0,2
BRDA:135,13,0,0
BRDA:148,14,0,3
BRDA:152,15,0,0
BRDA:172,16,0,2
BRDA:176,17,0,1
BRDA:198,18,0,0
BRDA:218,19,0,3
BRDA:227,20,0,7
BRDA:227,21,0,2
BRDA:237,22,0,5
BRDA:245,23,0,1
BRDA:247,24,0,4
BRDA:250,25,0,1
BRDA:252,26,0,3
BRDA:255,27,0,1
BRDA:257,28,0,2
BRDA:261,29,0,1
BRF:30
BRH:23
end_of_record
TN:
SF:src/utils/python-runtime.ts
FN:11,getProjectRoot
FN:15,getAppPath
FN:19,getPreferredVenvPython
FN:26,canExecutePython
FN:38,isLikelyPath
FN:42,resolvePythonPath
FN:71,resolvePythonRuntime
FN:80,getNullDevice
FNF:8
FNH:8
FNDA:2,getProjectRoot
FNDA:2,getAppPath
FNDA:6,getPreferredVenvPython
FNDA:6,canExecutePython
FNDA:9,isLikelyPath
FNDA:5,resolvePythonPath
FNDA:2,resolvePythonRuntime
FNDA:1,getNullDevice
DA:1,1
DA:2,1
DA:3,1
DA:4,1
DA:5,1
DA:6,1
DA:7,1
DA:8,1
DA:9,1
DA:10,1
DA:11,1
DA:12,2
DA:13,2
DA:14,1
DA:15,1
DA:16,2
DA:17,2
DA:18,1
DA:19,1
DA:20,6
DA:21,0
DA:22,0
DA:23,6
DA:24,6
DA:25,1
DA:26,6
DA:27,6
DA:28,6
DA:29,6
DA:30,6
DA:31,6
DA:32,6
DA:33,6
DA:34,0
DA:35,0
DA:36,6
DA:37,1
DA:38,9
DA:39,9
DA:40,9
DA:41,1
DA:42,1
DA:43,5
DA:44,5
DA:45,5
DA:46,5
DA:47,5
DA:48,5
DA:49,5
DA:50,5
DA:51,5
DA:52,5
DA:53,5
DA:54,5
DA:55,5
DA:56,5
DA:57,5
DA:58,9
DA:59,3
DA:60,3
DA:61,9
DA:62,4
DA:63,4
DA:64,9
DA:65,1
DA:66,1
DA:67,1
DA:68,1
DA:69,1
DA:70,1
DA:71,1
DA:72,2
DA:73,2
DA:74,2
DA:75,2
DA:76,2
DA:77,2
DA:78,2
DA:79,1
DA:80,1
DA:81,1
DA:82,1
LF:82
LH:78
BRDA:11,0,0,2
BRDA:15,1,0,2
BRDA:19,2,0,6
BRDA:20,3,0,0
BRDA:26,4,0,6
BRDA:33,5,0,0
BRDA:38,6,0,9
BRDA:39,7,0,3
BRDA:39,8,0,3
BRDA:42,9,0,5
BRDA:57,10,0,9
BRDA:58,11,0,6
BRDA:58,12,0,3
BRDA:60,13,0,6
BRDA:61,14,0,4
BRDA:64,15,0,1
BRDA:48,16,0,10
BRDA:48,17,0,2
BRDA:71,18,0,2
BRDA:80,19,0,1
BRDA:81,20,0,0
BRF:21
BRH:18
end_of_record
TN:
SF:src/utils/tts-runner.ts
FN:63,isProcessingPhase
FN:67,createParserState
FN:75,parseOutputLine
FN:352,parsePositiveInt
FN:363,resolveThreadEnvOverrides
FN:377,getRunLogPath
FN:390,runTTS
FN:449,emitParsedLine
FNF:8
FNH:8
FNDA:17,isProcessingPhase
FNDA:11,createParserState
FNDA:85,parseOutputLine
FNDA:2,parsePositiveInt
FNDA:1,resolveThreadEnvOverrides
FNDA:1,getRunLogPath
FNDA:1,runTTS
FNDA:40,emitParsedLine
DA:1,1
DA:2,1
DA:3,1
DA:4,1
DA:5,1
DA:6,1
DA:7,1
DA:8,1
DA:9,1
DA:10,1
DA:11,1
DA:12,1
DA:13,1
DA:14,1
DA:15,1
DA:16,1
DA:17,1
DA:18,1
DA:19,1
DA:20,1
DA:21,1
DA:22,1
DA:23,1
DA:24,1
DA:25,1
DA:26,1
DA:27,1
DA:28,1
DA:29,1
DA:30,1
DA:31,1
DA:32,1
DA:33,1
DA:34,1
DA:35,1
DA:36,1
DA:37,1
DA:38,1
DA:39,1
DA:40,1
DA:41,1
DA:42,1
DA:43,1
DA:44,1
DA:45,1
DA:46,1
DA:47,1
DA:48,1
DA:49,1
DA:50,1
DA:51,1
DA:52,1
DA:53,1
DA:54,1
DA:55,1
DA:56,1
DA:57,1
DA:58,1
DA:59,1
DA:60,1
DA:61,1
DA:62,1
DA:63,17
DA:64,17
DA:65,17
DA:66,1
DA:67,1
DA:68,11
DA:69,11
DA:70,11
DA:71,11
DA:72,11
DA:73,11
DA:74,1
DA:75,1
DA:76,85
DA:77,85
DA:78,0
DA:79,0
DA:80,85
DA:81,85
DA:82,53
DA:83,53
DA:84,53
DA:85,53
DA:86,8
DA:87,8
DA:88,8
DA:89,8
DA:90,8
DA:91,8
DA:92,8
DA:93,8
DA:94,8
DA:95,8
DA:96,8
DA:97,45
DA:98,53
DA:99,7
DA:100,7
DA:101,3
DA:102,7
DA:103,3
DA:104,6
DA:105,2
DA:106,2
DA:107,1
DA:108,1
DA:109,1
DA:110,1
DA:111,6
DA:112,6
DA:113,6
DA:114,6
DA:115,6
DA:116,6
DA:117,6
DA:118,6
DA:119,6
DA:120,6
DA:121,6
DA:122,38
DA:123,53
DA:124,8
DA:125,8
DA:126,8
DA:127,8
DA:128,8
DA:129,8
DA:130,8
DA:131,8
DA:132,8
DA:133,8
DA:134,8
DA:135,30
DA:136,53
DA:137,1
DA:138,1
DA:139,1
DA:140,1
DA:141,1
DA:142,1
DA:143,1
DA:144,1
DA:145,1
DA:146,1
DA:147,1
DA:148,29
DA:149,29
DA:150,29
DA:151,7
DA:152,7
DA:153,53
DA:154,7
DA:155,7
DA:156,7
DA:157,7
DA:158,7
DA:159,7
DA:160,7
DA:161,7
DA:162,7
DA:163,7
DA:164,7
DA:165,7
DA:166,7
DA:167,7
DA:168,7
DA:169,22
DA:170,22
DA:171,22
DA:172,8
DA:173,8
DA:174,8
DA:175,53
DA:176,8
DA:177,8
DA:178,8
DA:179,8
DA:180,8
DA:181,8
DA:182,8
DA:183,8
DA:184,8
DA:185,8
DA:186,8
DA:187,8
DA:188,8
DA:189,8
DA:190,8
DA:191,53
DA:192,0
DA:193,0
DA:194,53
DA:195,46
DA:196,85
DA:197,9
DA:198,9
DA:199,1
DA:200,1
DA:201,8
DA:202,8
DA:203,8
DA:204,8
DA:205,8
DA:206,8
DA:207,8
DA:208,8
DA:209,8
DA:210,8
DA:211,8
DA:212,37
DA:213,85
DA:214,2
DA:215,2
DA:216,2
DA:217,2
DA:218,2
DA:219,2
DA:220,2
DA:221,2
DA:222,2
DA:223,2
DA:224,2
DA:225,2
DA:226,2
DA:227,0
DA:228,0
DA:229,35
DA:230,85
DA:231,3
DA:232,3
DA:233,0
DA:234,0
DA:235,3
DA:236,3
DA:237,3
DA:238,3
DA:239,3
DA:240,3
DA:241,3
DA:242,3
DA:243,3
DA:244,3
DA:245,3
DA:246,32
DA:247,85
DA:248,2
DA:249,2
DA:250,0
DA:251,0
DA:252,2
DA:253,2
DA:254,2
DA:255,2
DA:256,2
DA:257,2
DA:258,2
DA:259,2
DA:260,2
DA:261,2
DA:262,2
DA:263,30
DA:264,85
DA:265,3
DA:266,3
DA:267,3
DA:268,3
DA:269,3
DA:270,3
DA:271,3
DA:272,3
DA:273,3
DA:274,3
DA:275,3
DA:276,3
DA:277,3
DA:278,3
DA:279,3
DA:280,3
DA:281,0
DA:282,0
DA:283,27
DA:284,85
DA:285,2
DA:286,2
DA:287,0
DA:288,0
DA:289,2
DA:290,2
DA:291,2
DA:292,2
DA:293,2
DA:294,2
DA:295,2
DA:296,2
DA:297,2
DA:298,2
DA:299,2
DA:300,25
DA:301,85
DA:302,4
DA:303,4
DA:304,3
DA:305,3
DA:306,3
DA:307,3
DA:308,3
DA:309,3
DA:310,3
DA:311,3
DA:312,3
DA:313,3
DA:314,3
DA:315,3
DA:316,3
DA:317,3
DA:318,3
DA:319,3
DA:320,3
DA:321,3
DA:322,1
DA:323,1
DA:324,21
DA:325,21
DA:326,61
DA:327,6
DA:328,6
DA:329,6
DA:330,1
DA:331,1
DA:332,5
DA:333,5
DA:334,5
DA:335,5
DA:336,5
DA:337,5
DA:338,5
DA:339,5
DA:340,5
DA:341,5
DA:342,5
DA:343,5
DA:344,5
DA:345,5
DA:346,5
DA:347,5
DA:348,15
DA:349,15
DA:350,15
DA:351,1
DA:352,2
DA:353,2
DA:354,2
DA:355,2
DA:356,0
DA:357,2
DA:358,0
DA:359,0
DA:360,0
DA:361,0
DA:362,1
DA:363,1
DA:364,1
DA:365,1
DA:366,1
DA:367,1
DA:368,1
DA:369,1
DA:370,1
DA:371,1
DA:372,1
DA:373,1
DA:374,1
DA:375,1
DA:376,1
DA:377,1
DA:378,1
DA:379,1
DA:380,1
DA:381,1
DA:382,1
DA:383,1
DA:384,1
DA:385,1
DA:386,1
DA:387,1
DA:388,1
DA:389,1
DA:390,1
DA:391,1
DA:392,1
DA:393,1
DA:394,1
DA:395,1
DA:396,1
DA:397,1
DA:398,1
DA:399,1
DA:400,1
DA:401,1
DA:402,1
DA:403,1
DA:404,1
DA:405,1
DA:406,1
DA:407,1
DA:408,1
DA:409,1
DA:410,1
DA:411,1
DA:412,1
DA:413,1
DA:414,1
DA:415,1
DA:416,1
DA:417,1
DA:418,1
DA:419,1
DA:420,1
DA:421,1
DA:422,1
DA:423,1
DA:424,1
DA:425,1
DA:426,1
DA:427,1
DA:428,0
DA:429,0
DA:430,0
DA:431,0
DA:432,1
DA:433,1
DA:434,1
DA:435,1
DA:436,1
DA:437,1
DA:438,1
DA:439,1
DA:440,1
DA:441,1
DA:442,1
DA:443,1
DA:444,1
DA:445,1
DA:446,1
DA:447,1
DA:448,1
DA:449,1
DA:450,40
DA:451,40
DA:452,25
DA:453,25
DA:454,40
DA:455,1
DA:456,1
DA:457,27
DA:458,27
DA:459,27
DA:460,27
DA:461,40
DA:462,0
DA:463,0
DA:464,40
DA:465,40
DA:466,1
DA:467,1
DA:468,1
DA:469,0
DA:470,0
DA:471,0
DA:472,0
DA:473,0
DA:474,0
DA:475,0
DA:476,0
DA:477,0
DA:478,0
DA:479,0
DA:480,0
DA:481,0
DA:482,0
DA:483,0
DA:484,1
DA:485,1
DA:486,1
DA:487,0
DA:488,1
DA:489,1
DA:490,1
DA:491,1
DA:492,0
DA:493,0
DA:494,1
DA:495,0
DA:496,0
DA:497,1
DA:498,1
DA:499,1
DA:500,1
DA:501,1
DA:502,1
DA:503,1
DA:504,1
DA:505,1
DA:506,1
DA:507,1
DA:508,1
DA:509,1
DA:510,0
DA:511,0
DA:512,1
DA:513,1
DA:514,1
LF:514
LH:467
BRDA:63,0,0,17
BRDA:67,1,0,11
BRDA:75,2,0,85
BRDA:77,3,0,0
BRDA:81,4,0,53
BRDA:81,5,0,53
BRDA:85,6,0,8
BRDA:85,7,0,8
BRDA:85,8,0,8
BRDA:96,9,0,45
BRDA:98,10,0,7
BRDA:98,11,0,7
BRDA:100,12,0,3
BRDA:102,13,0,6
BRDA:102,14,0,3
BRDA:104,15,0,4
BRDA:104,16,0,2
BRDA:104,17,0,2
BRDA:106,18,0,1
BRDA:106,19,0,1
BRDA:121,20,0,38
BRDA:123,21,0,8
BRDA:123,22,0,50
BRDA:123,23,0,8
BRDA:134,24,0,30
BRDA:136,25,0,1
BRDA:136,26,0,1
BRDA:147,27,0,29
BRDA:150,28,0,7
BRDA:151,29,0,7
BRDA:152,30,0,0
BRDA:153,31,0,45
BRDA:153,32,0,7
BRDA:162,33,0,0
BRDA:168,34,0,42
BRDA:168,35,0,22
BRDA:171,36,0,8
BRDA:172,37,0,8
BRDA:173,38,0,8
BRDA:175,39,0,8
BRDA:191,40,0,0
BRDA:194,41,0,46
BRDA:196,42,0,9
BRDA:198,43,0,1
BRDA:200,44,0,8
BRDA:211,45,0,37
BRDA:213,46,0,2
BRDA:226,47,0,0
BRDA:228,48,0,35
BRDA:230,49,0,3
BRDA:232,50,0,0
BRDA:245,51,0,32
BRDA:247,52,0,2
BRDA:249,53,0,0
BRDA:262,54,0,30
BRDA:264,55,0,3
BRDA:280,56,0,0
BRDA:282,57,0,27
BRDA:284,58,0,2
BRDA:286,59,0,0
BRDA:299,60,0,25
BRDA:301,61,0,4
BRDA:303,62,0,3
BRDA:308,63,0,1
BRDA:321,64,0,1
BRDA:323,65,0,61
BRDA:323,66,0,21
BRDA:326,67,0,6
BRDA:329,68,0,5
BRDA:329,69,0,5
BRDA:329,70,0,1
BRDA:331,71,0,5
BRDA:347,72,0,15
BRDA:352,73,0,2
BRDA:355,74,0,0
BRDA:357,75,0,0
BRDA:363,76,0,1
BRDA:364,77,0,0
BRDA:377,78,0,1
BRDA:390,79,0,1
BRDA:396,80,0,1
BRDA:409,81,0,0
BRDA:410,82,0,0
BRDA:411,83,0,0
BRDA:412,84,0,0
BRDA:413,85,0,0
BRDA:414,86,0,0
BRDA:415,87,0,0
BRDA:416,88,0,0
BRDA:417,89,0,0
BRDA:418,90,0,0
BRDA:419,91,0,0
BRDA:426,92,0,0
BRDA:426,93,0,0
BRDA:427,94,0,0
BRDA:449,95,0,40
BRDA:451,96,0,25
BRDA:456,97,0,27
BRDA:460,98,0,40
BRDA:461,99,0,0
BRDA:461,100,0,0
BRDA:490,101,0,1
BRDA:491,102,0,0
BRDA:494,103,0,0
BRDA:509,104,0,0
BRF:105
BRH:74
end_of_record
